Fri, 05 Sep 2014 15:21:06 Logger.py[line:20] INFO start server!!
Fri, 05 Sep 2014 15:23:00 Logger.py[line:20] INFO start server!!
Fri, 05 Sep 2014 15:29:42 Logger.py[line:20] INFO start server!!
Fri, 05 Sep 2014 15:30:21 Logger.py[line:20] INFO start server!!
Fri, 05 Sep 2014 15:30:24 Logger.py[line:20] INFO 啊
Fri, 05 Sep 2014 15:30:24 Logger.py[line:20] INFO 天安门
Fri, 05 Sep 2014 15:30:24 Logger.py[line:20] INFO 你好
Fri, 05 Sep 2014 15:30:24 Logger.py[line:20] INFO 啊
Fri, 05 Sep 2014 15:30:24 Logger.py[line:20] INFO 你好
Fri, 05 Sep 2014 15:31:22 Logger.py[line:20] INFO start server!!
Fri, 05 Sep 2014 15:32:22 Logger.py[line:20] INFO start server!!
Fri, 05 Sep 2014 15:33:30 Logger.py[line:20] INFO start server!!
Fri, 05 Sep 2014 15:34:12 Logger.py[line:20] INFO start server!!
Fri, 05 Sep 2014 15:37:29 Logger.py[line:20] INFO start server!!
Fri, 05 Sep 2014 15:47:48 Logger.py[line:20] INFO start server!!
Fri, 05 Sep 2014 15:48:38 Logger.py[line:20] INFO start server!!
Fri, 05 Sep 2014 15:50:26 Logger.py[line:20] INFO start server!!
Fri, 05 Sep 2014 15:50:28 Logger.py[line:20] INFO (u'\u554a', 0.4)
Fri, 05 Sep 2014 15:50:28 Logger.py[line:20] INFO (u'\u5929\u5b89\u95e8', 0.4)
Fri, 05 Sep 2014 15:50:28 Logger.py[line:20] INFO (u'\u4f60\u597d', 0.4)
Fri, 05 Sep 2014 15:50:28 Logger.py[line:20] INFO (u'\u554a', 0.0171875)
Fri, 05 Sep 2014 15:50:28 Logger.py[line:20] INFO (u'\u4f60\u597d', 0.003125)
Fri, 05 Sep 2014 16:01:52 Logger.py[line:20] INFO start server!!
Fri, 05 Sep 2014 16:01:55 Logger.py[line:20] INFO (u'\u554a', 0.4)
Fri, 05 Sep 2014 16:01:55 Logger.py[line:20] INFO (u'\u5929\u5b89\u95e8', 0.4)
Fri, 05 Sep 2014 16:01:55 Logger.py[line:20] INFO (u'\u4f60\u597d', 0.4)
Fri, 05 Sep 2014 16:01:55 Logger.py[line:20] INFO (u'\u554a', 0.0171875)
Fri, 05 Sep 2014 16:01:55 Logger.py[line:20] INFO (u'\u4f60\u597d', 0.003125)
Fri, 05 Sep 2014 16:03:03 Logger.py[line:20] INFO start server!!
Fri, 05 Sep 2014 16:03:05 Logger.py[line:20] INFO (u'\u554a', 0.4)
Fri, 05 Sep 2014 16:03:05 Logger.py[line:20] INFO (u'\u5929\u5b89\u95e8', 0.4)
Fri, 05 Sep 2014 16:03:05 Logger.py[line:20] INFO (u'\u4f60\u597d', 0.4)
Fri, 05 Sep 2014 16:03:05 Logger.py[line:20] INFO (u'\u554a', 0.0171875)
Fri, 05 Sep 2014 16:03:05 Logger.py[line:20] INFO (u'\u4f60\u597d', 0.003125)
Fri, 05 Sep 2014 16:05:05 Logger.py[line:20] INFO start server!!
Fri, 05 Sep 2014 16:05:07 Logger.py[line:20] INFO (u'\u554a', 0.4)
Fri, 05 Sep 2014 16:05:07 Logger.py[line:20] INFO (u'\u5929\u5b89\u95e8', 0.4)
Fri, 05 Sep 2014 16:05:07 Logger.py[line:20] INFO (u'\u4f60\u597d', 0.4)
Fri, 05 Sep 2014 16:05:07 Logger.py[line:20] INFO (u'\u554a', 0.0171875)
Fri, 05 Sep 2014 16:05:07 Logger.py[line:20] INFO (u'\u4f60\u597d', 0.003125)
Fri, 05 Sep 2014 16:11:20 Logger.py[line:20] INFO start server!!
Fri, 05 Sep 2014 16:11:22 Logger.py[line:20] INFO (u'\u4f60', 0.4)
Fri, 05 Sep 2014 16:11:22 Logger.py[line:20] INFO (u'\u5988', 0.4)
Fri, 05 Sep 2014 16:11:22 Logger.py[line:20] INFO (u'\u554a', 0.4)
Fri, 05 Sep 2014 16:11:22 Logger.py[line:20] INFO (u'\u903c', 0.4)
Fri, 05 Sep 2014 16:11:22 Logger.py[line:20] INFO (u'\u5929\u5b89\u95e8', 0.4)
Fri, 05 Sep 2014 16:11:22 Logger.py[line:20] INFO (u'\u4f60\u597d', 0.4)
Fri, 05 Sep 2014 16:11:22 Logger.py[line:20] INFO (u'\u4f60', 0.021875)
Fri, 05 Sep 2014 16:11:22 Logger.py[line:20] INFO (u'\u554a', 0.0171875)
Fri, 05 Sep 2014 16:11:22 Logger.py[line:20] INFO (u'\u903c', 0.009375)
Fri, 05 Sep 2014 16:11:22 Logger.py[line:20] INFO (u'\u5988', 0.0046875)
Fri, 05 Sep 2014 16:11:22 Logger.py[line:20] INFO (u'\u4f60\u597d', 0.003125)
Fri, 05 Sep 2014 16:11:22 Logger.py[line:20] INFO (u'\u5929\u5b89\u95e8', 0.0015625)
Fri, 05 Sep 2014 16:12:10 Logger.py[line:20] INFO start server!!
Fri, 05 Sep 2014 16:12:12 Logger.py[line:20] INFO (u'\u5988', 0.4)
Fri, 05 Sep 2014 16:12:12 Logger.py[line:20] INFO (u'\u4f60', 0.4)
Fri, 05 Sep 2014 16:12:12 Logger.py[line:20] INFO (u'\u903c', 0.4)
Fri, 05 Sep 2014 16:12:12 Logger.py[line:20] INFO (u'\u5929\u5b89\u95e8', 0.4)
Fri, 05 Sep 2014 16:12:12 Logger.py[line:20] INFO (u'\u4f60', 0.021875)
Fri, 05 Sep 2014 16:12:12 Logger.py[line:20] INFO (u'\u903c', 0.009375)
Fri, 05 Sep 2014 16:12:12 Logger.py[line:20] INFO (u'\u5988', 0.0046875)
Fri, 05 Sep 2014 16:12:12 Logger.py[line:20] INFO (u'\u5929\u5b89\u95e8', 0.0015625)
Fri, 05 Sep 2014 16:12:44 Logger.py[line:20] INFO start server!!
Fri, 05 Sep 2014 16:12:46 Logger.py[line:20] INFO (u'\u4f60', 0.4)
Fri, 05 Sep 2014 16:12:46 Logger.py[line:20] INFO (u'\u903c', 0.4)
Fri, 05 Sep 2014 16:12:46 Logger.py[line:20] INFO (u'\u5988', 0.4)
Fri, 05 Sep 2014 16:12:46 Logger.py[line:20] INFO (u'\u4f60', 0.021875)
Fri, 05 Sep 2014 16:12:46 Logger.py[line:20] INFO (u'\u903c', 0.009375)
Fri, 05 Sep 2014 16:12:46 Logger.py[line:20] INFO (u'\u5988', 0.0046875)
Fri, 05 Sep 2014 16:14:28 Logger.py[line:20] INFO start server!!
Fri, 05 Sep 2014 16:15:55 Logger.py[line:20] INFO (u'\u4f60', 0.4)
Fri, 05 Sep 2014 16:16:23 Logger.py[line:20] INFO (u'\u903c', 0.4)
Fri, 05 Sep 2014 16:16:27 Logger.py[line:20] INFO (u'\u5988', 0.4)
Fri, 05 Sep 2014 16:16:31 Logger.py[line:20] INFO (u'\u4f60', 0.021875)
Fri, 05 Sep 2014 16:16:33 Logger.py[line:20] INFO (u'\u903c', 0.009375)
Fri, 05 Sep 2014 16:16:36 Logger.py[line:20] INFO (u'\u5988', 0.0046875)
Fri, 05 Sep 2014 16:17:29 Logger.py[line:20] INFO start server!!
Fri, 05 Sep 2014 16:17:35 Logger.py[line:20] INFO (u'\u4f60', 0.4)
Fri, 05 Sep 2014 16:17:35 Logger.py[line:20] INFO (u'\u903c', 0.4)
Fri, 05 Sep 2014 16:17:35 Logger.py[line:20] INFO (u'\u5988', 0.4)
Fri, 05 Sep 2014 16:17:35 Logger.py[line:20] INFO (u'\u4f60', 0.021875)
Fri, 05 Sep 2014 16:17:35 Logger.py[line:20] INFO (u'\u903c', 0.009375)
Fri, 05 Sep 2014 16:17:35 Logger.py[line:20] INFO (u'\u5988', 0.0046875)
Fri, 05 Sep 2014 16:19:04 Logger.py[line:20] INFO start server!!
Fri, 05 Sep 2014 16:19:10 Logger.py[line:20] INFO 你
Fri, 05 Sep 2014 16:19:10 Logger.py[line:20] INFO 逼
Fri, 05 Sep 2014 16:19:10 Logger.py[line:20] INFO 妈
Fri, 05 Sep 2014 16:19:10 Logger.py[line:20] INFO 你
Fri, 05 Sep 2014 16:19:10 Logger.py[line:20] INFO 逼
Fri, 05 Sep 2014 16:19:10 Logger.py[line:20] INFO 妈
Fri, 05 Sep 2014 16:32:16 Logger.py[line:20] INFO start server!!
Fri, 05 Sep 2014 16:32:44 Logger.py[line:20] INFO 你
Fri, 05 Sep 2014 16:32:44 Logger.py[line:20] INFO 逼
Fri, 05 Sep 2014 16:32:44 Logger.py[line:20] INFO 妈
Fri, 05 Sep 2014 16:32:44 Logger.py[line:20] INFO 你
Fri, 05 Sep 2014 16:32:44 Logger.py[line:20] INFO 逼
Fri, 05 Sep 2014 16:32:44 Logger.py[line:20] INFO 妈
Fri, 05 Sep 2014 16:41:07 Logger.py[line:20] INFO start server!!
Fri, 05 Sep 2014 16:41:12 Logger.py[line:20] INFO 冰
Fri, 05 Sep 2014 16:41:12 Logger.py[line:20] INFO 淫
Fri, 05 Sep 2014 16:41:12 Logger.py[line:20] INFO 传
Fri, 05 Sep 2014 16:41:12 Logger.py[line:20] INFO 传
Fri, 05 Sep 2014 16:41:12 Logger.py[line:20] INFO 冰
Fri, 05 Sep 2014 16:41:12 Logger.py[line:20] INFO 淫
Fri, 05 Sep 2014 16:42:57 Logger.py[line:20] INFO start server!!
Fri, 05 Sep 2014 16:43:02 Logger.py[line:20] INFO 冰
Fri, 05 Sep 2014 16:43:02 Logger.py[line:20] INFO 淫
Fri, 05 Sep 2014 16:43:02 Logger.py[line:20] INFO 传
Fri, 05 Sep 2014 16:43:02 Logger.py[line:20] INFO 传
Fri, 05 Sep 2014 16:43:02 Logger.py[line:20] INFO 冰
Fri, 05 Sep 2014 16:43:02 Logger.py[line:20] INFO 淫
Fri, 05 Sep 2014 16:43:57 Logger.py[line:20] INFO start server!!
Fri, 05 Sep 2014 16:44:25 Logger.py[line:20] INFO 冰
Fri, 05 Sep 2014 16:44:25 Logger.py[line:20] INFO 0.4
Fri, 05 Sep 2014 16:44:25 Logger.py[line:20] INFO 淫
Fri, 05 Sep 2014 16:44:25 Logger.py[line:20] INFO 0.4
Fri, 05 Sep 2014 16:44:25 Logger.py[line:20] INFO 传
Fri, 05 Sep 2014 16:44:25 Logger.py[line:20] INFO 0.4
Fri, 05 Sep 2014 16:44:25 Logger.py[line:20] INFO 传
Fri, 05 Sep 2014 16:44:25 Logger.py[line:20] INFO 0.00312012480499
Fri, 05 Sep 2014 16:44:25 Logger.py[line:20] INFO 冰
Fri, 05 Sep 2014 16:44:25 Logger.py[line:20] INFO 0.0015600624025
Fri, 05 Sep 2014 16:44:25 Logger.py[line:20] INFO 淫
Fri, 05 Sep 2014 16:44:25 Logger.py[line:20] INFO 0.0015600624025
Fri, 05 Sep 2014 16:48:47 Logger.py[line:20] INFO start server!!
Fri, 05 Sep 2014 16:55:06 Logger.py[line:20] INFO start server!!
Fri, 05 Sep 2014 16:55:25 Logger.py[line:20] INFO 冰
Fri, 05 Sep 2014 16:55:25 Logger.py[line:20] INFO 1.0
Fri, 05 Sep 2014 16:55:25 Logger.py[line:20] INFO 淫
Fri, 05 Sep 2014 16:55:25 Logger.py[line:20] INFO 1.0
Fri, 05 Sep 2014 16:55:25 Logger.py[line:20] INFO 传
Fri, 05 Sep 2014 16:55:25 Logger.py[line:20] INFO 1.0
Fri, 05 Sep 2014 16:55:25 Logger.py[line:20] INFO 冰
Fri, 05 Sep 2014 16:55:25 Logger.py[line:20] INFO 0.4
Fri, 05 Sep 2014 16:55:25 Logger.py[line:20] INFO 淫
Fri, 05 Sep 2014 16:55:25 Logger.py[line:20] INFO 0.4
Fri, 05 Sep 2014 16:55:25 Logger.py[line:20] INFO 传
Fri, 05 Sep 2014 16:55:25 Logger.py[line:20] INFO 0.4
Fri, 05 Sep 2014 16:57:23 Logger.py[line:20] INFO start server!!
Fri, 05 Sep 2014 16:57:28 Logger.py[line:20] INFO 冰
Fri, 05 Sep 2014 16:57:28 Logger.py[line:20] INFO 1.0
Fri, 05 Sep 2014 16:57:28 Logger.py[line:20] INFO 淫
Fri, 05 Sep 2014 16:57:28 Logger.py[line:20] INFO 1.0
Fri, 05 Sep 2014 16:57:28 Logger.py[line:20] INFO 传
Fri, 05 Sep 2014 16:57:28 Logger.py[line:20] INFO 1.0
Fri, 05 Sep 2014 16:57:28 Logger.py[line:20] INFO 冰
Fri, 05 Sep 2014 16:57:28 Logger.py[line:20] INFO 0.4
Fri, 05 Sep 2014 16:57:28 Logger.py[line:20] INFO 淫
Fri, 05 Sep 2014 16:57:28 Logger.py[line:20] INFO 0.4
Fri, 05 Sep 2014 16:57:28 Logger.py[line:20] INFO 传
Fri, 05 Sep 2014 16:57:28 Logger.py[line:20] INFO 0.4
Fri, 05 Sep 2014 16:58:43 Logger.py[line:20] INFO start server!!
Fri, 05 Sep 2014 16:58:47 Logger.py[line:20] INFO 你
Fri, 05 Sep 2014 16:58:47 Logger.py[line:20] INFO 1.0
Fri, 05 Sep 2014 16:58:47 Logger.py[line:20] INFO 你
Fri, 05 Sep 2014 16:58:47 Logger.py[line:20] INFO 0.4
Fri, 05 Sep 2014 16:58:47 Logger.py[line:20] INFO 逼
Fri, 05 Sep 2014 16:58:47 Logger.py[line:20] INFO 0.4
Fri, 05 Sep 2014 16:58:47 Logger.py[line:20] INFO 妈
Fri, 05 Sep 2014 16:58:47 Logger.py[line:20] INFO 0.4
Fri, 05 Sep 2014 16:58:47 Logger.py[line:20] INFO 逼
Fri, 05 Sep 2014 16:58:47 Logger.py[line:20] INFO 0.01
Fri, 05 Sep 2014 16:58:47 Logger.py[line:20] INFO 妈
Fri, 05 Sep 2014 16:58:47 Logger.py[line:20] INFO 0.01
Fri, 05 Sep 2014 16:59:24 Logger.py[line:20] INFO start server!!
Fri, 05 Sep 2014 16:59:29 Logger.py[line:20] INFO 天安
Fri, 05 Sep 2014 16:59:29 Logger.py[line:20] INFO 0.4
Fri, 05 Sep 2014 16:59:29 Logger.py[line:20] INFO 天安门
Fri, 05 Sep 2014 16:59:29 Logger.py[line:20] INFO 0.4
Fri, 05 Sep 2014 17:01:18 Logger.py[line:20] INFO start server!!
Fri, 05 Sep 2014 17:01:27 Logger.py[line:20] INFO 你
Fri, 05 Sep 2014 17:01:27 Logger.py[line:20] INFO 1.0
Fri, 05 Sep 2014 17:01:27 Logger.py[line:20] INFO 你
Fri, 05 Sep 2014 17:01:27 Logger.py[line:20] INFO 0.4
Fri, 05 Sep 2014 17:01:27 Logger.py[line:20] INFO 逼
Fri, 05 Sep 2014 17:01:27 Logger.py[line:20] INFO 0.4
Fri, 05 Sep 2014 17:01:27 Logger.py[line:20] INFO 妈
Fri, 05 Sep 2014 17:01:27 Logger.py[line:20] INFO 0.4
Fri, 05 Sep 2014 17:01:27 Logger.py[line:20] INFO 逼
Fri, 05 Sep 2014 17:01:27 Logger.py[line:20] INFO 0.01
Fri, 05 Sep 2014 17:01:27 Logger.py[line:20] INFO 妈
Fri, 05 Sep 2014 17:01:27 Logger.py[line:20] INFO 0.01
Fri, 05 Sep 2014 17:10:21 Logger.py[line:20] INFO start server!!
Fri, 05 Sep 2014 17:10:27 Logger.py[line:20] INFO 操
Fri, 05 Sep 2014 17:10:27 Logger.py[line:20] INFO 1.0
Fri, 05 Sep 2014 17:10:27 Logger.py[line:20] INFO 你
Fri, 05 Sep 2014 17:10:27 Logger.py[line:20] INFO 1.0
Fri, 05 Sep 2014 17:10:27 Logger.py[line:20] INFO 妈
Fri, 05 Sep 2014 17:10:27 Logger.py[line:20] INFO 0.5
Fri, 05 Sep 2014 17:10:27 Logger.py[line:20] INFO 龘
Fri, 05 Sep 2014 17:10:27 Logger.py[line:20] INFO 0.5
Fri, 05 Sep 2014 17:10:27 Logger.py[line:20] INFO 妈
Fri, 05 Sep 2014 17:10:27 Logger.py[line:20] INFO 0.4
Fri, 05 Sep 2014 17:10:27 Logger.py[line:20] INFO 龘
Fri, 05 Sep 2014 17:10:27 Logger.py[line:20] INFO 0.4
Fri, 05 Sep 2014 17:10:27 Logger.py[line:20] INFO 操
Fri, 05 Sep 2014 17:10:27 Logger.py[line:20] INFO 0.4
Fri, 05 Sep 2014 17:10:27 Logger.py[line:20] INFO 你
Fri, 05 Sep 2014 17:10:27 Logger.py[line:20] INFO 0.4
Fri, 05 Sep 2014 17:25:57 Logger.py[line:20] INFO start server!!
Fri, 05 Sep 2014 17:32:07 Logger.py[line:20] INFO start server!!
Fri, 05 Sep 2014 17:32:37 Logger.py[line:20] INFO start server!!
Fri, 05 Sep 2014 17:37:22 Logger.py[line:20] INFO start server!!
Fri, 05 Sep 2014 17:41:39 Logger.py[line:20] INFO start server!!
Fri, 05 Sep 2014 17:41:49 Logger.py[line:20] INFO 操
Fri, 05 Sep 2014 17:41:52 Logger.py[line:20] INFO 1.0
Fri, 05 Sep 2014 17:42:27 Logger.py[line:20] INFO start server!!
Fri, 05 Sep 2014 17:42:39 Logger.py[line:20] INFO 操########1.000000
Fri, 05 Sep 2014 17:42:39 Logger.py[line:20] INFO 你########1.000000
Fri, 05 Sep 2014 17:42:39 Logger.py[line:20] INFO 妈########0.500000
Fri, 05 Sep 2014 17:42:39 Logger.py[line:20] INFO 龘########0.500000
Fri, 05 Sep 2014 17:42:39 Logger.py[line:20] INFO 妈########0.400000
Fri, 05 Sep 2014 17:42:39 Logger.py[line:20] INFO 龘########0.400000
Fri, 05 Sep 2014 17:42:39 Logger.py[line:20] INFO 操########0.400000
Fri, 05 Sep 2014 17:42:39 Logger.py[line:20] INFO 你########0.400000
Fri, 05 Sep 2014 17:43:26 Logger.py[line:20] INFO start server!!
Fri, 05 Sep 2014 17:43:28 Logger.py[line:20] INFO 乱########0.500000
Fri, 05 Sep 2014 17:43:28 Logger.py[line:20] INFO 又########0.500000
Fri, 05 Sep 2014 17:43:28 Logger.py[line:20] INFO 脏########0.500000
Fri, 05 Sep 2014 17:43:28 Logger.py[line:20] INFO 乱########0.400000
Fri, 05 Sep 2014 17:43:28 Logger.py[line:20] INFO 又########0.400000
Fri, 05 Sep 2014 17:43:28 Logger.py[line:20] INFO 脏########0.400000
Fri, 05 Sep 2014 17:44:16 Logger.py[line:20] INFO start server!!
Fri, 05 Sep 2014 17:44:18 Logger.py[line:20] INFO 乱########0.500000
Fri, 05 Sep 2014 17:44:18 Logger.py[line:20] INFO 又########0.500000
Fri, 05 Sep 2014 17:44:18 Logger.py[line:20] INFO 脏########0.500000
Fri, 05 Sep 2014 17:44:18 Logger.py[line:20] INFO 乱########0.400000
Fri, 05 Sep 2014 17:44:18 Logger.py[line:20] INFO 又########0.400000
Fri, 05 Sep 2014 17:44:18 Logger.py[line:20] INFO 脏########0.400000
Fri, 05 Sep 2014 17:44:42 Logger.py[line:20] INFO start server!!
Fri, 05 Sep 2014 17:44:43 Logger.py[line:20] INFO 乱########0.500000
Fri, 05 Sep 2014 17:44:43 Logger.py[line:20] INFO 又########0.500000
Fri, 05 Sep 2014 17:44:43 Logger.py[line:20] INFO 脏########0.500000
Fri, 05 Sep 2014 17:44:43 Logger.py[line:20] INFO 乱########0.400000
Fri, 05 Sep 2014 17:44:43 Logger.py[line:20] INFO 又########0.400000
Fri, 05 Sep 2014 17:44:43 Logger.py[line:20] INFO 脏########0.400000
Fri, 05 Sep 2014 17:44:47 Logger.py[line:20] INFO 0.228571428571
Fri, 05 Sep 2014 17:45:26 Logger.py[line:20] INFO start server!!
Fri, 05 Sep 2014 17:48:35 Logger.py[line:20] INFO start server!!
Fri, 05 Sep 2014 17:56:43 Logger.py[line:20] INFO start server!!
Fri, 05 Sep 2014 18:04:10 Logger.py[line:20] INFO start server!!
Fri, 05 Sep 2014 18:04:27 Logger.py[line:20] INFO 乱########0.500000
Fri, 05 Sep 2014 18:04:27 Logger.py[line:20] INFO 乱########0.400000
Fri, 05 Sep 2014 18:04:27 Logger.py[line:20] INFO 又########0.400000
Fri, 05 Sep 2014 18:04:27 Logger.py[line:20] INFO 脏########0.400000
Fri, 05 Sep 2014 18:04:27 Logger.py[line:20] INFO 又########0.010000
Fri, 05 Sep 2014 18:04:27 Logger.py[line:20] INFO 脏########0.010000
Fri, 05 Sep 2014 18:05:13 Logger.py[line:20] INFO 3.02303172294e-05
Fri, 05 Sep 2014 18:11:20 Logger.py[line:20] INFO start server!!
Fri, 05 Sep 2014 18:11:22 Logger.py[line:20] INFO 警察########0.500000
Fri, 05 Sep 2014 18:11:22 Logger.py[line:20] INFO 警察########0.400000
Fri, 05 Sep 2014 18:11:22 Logger.py[line:20] INFO 你好########0.400000
Fri, 05 Sep 2014 18:11:22 Logger.py[line:20] INFO 你好########0.010000
Fri, 05 Sep 2014 18:11:30 Logger.py[line:20] INFO 0.00446927374302
Fri, 05 Sep 2014 18:11:56 Logger.py[line:20] INFO start server!!
Fri, 05 Sep 2014 18:11:58 Logger.py[line:20] INFO 警察########0.500000
Fri, 05 Sep 2014 18:11:58 Logger.py[line:20] INFO 警察########0.400000
Fri, 05 Sep 2014 18:12:04 Logger.py[line:20] INFO 0.4
Fri, 05 Sep 2014 18:12:35 Logger.py[line:20] INFO start server!!
Fri, 05 Sep 2014 18:12:36 Logger.py[line:20] INFO 察########1.000000
Fri, 05 Sep 2014 18:12:36 Logger.py[line:20] INFO 警########1.000000
Fri, 05 Sep 2014 18:12:36 Logger.py[line:20] INFO 龘########0.500000
Fri, 05 Sep 2014 18:12:36 Logger.py[line:20] INFO 龘########0.400000
Fri, 05 Sep 2014 18:12:36 Logger.py[line:20] INFO 察########0.400000
Fri, 05 Sep 2014 18:12:36 Logger.py[line:20] INFO 警########0.400000
Fri, 05 Sep 2014 18:12:42 Logger.py[line:20] INFO 1.0
Thu, 18 Sep 2014 17:30:47 Logger.py[line:18] INFO start server!!
Thu, 18 Sep 2014 17:30:49 Logger.py[line:18] INFO 察########1.000000
Thu, 18 Sep 2014 17:30:49 Logger.py[line:18] INFO 警########1.000000
Thu, 18 Sep 2014 17:30:49 Logger.py[line:18] INFO 龘########0.500000
Thu, 18 Sep 2014 17:30:49 Logger.py[line:18] INFO 龘########0.400000
Thu, 18 Sep 2014 17:30:49 Logger.py[line:18] INFO 察########0.400000
Thu, 18 Sep 2014 17:30:49 Logger.py[line:18] INFO 警########0.400000
Thu, 18 Sep 2014 17:30:49 Logger.py[line:18] INFO 1.0
Wed, 29 Oct 2014 16:36:47 Logger.py[line:22] INFO start server!!
Wed, 29 Oct 2014 16:36:47 __init__.py[line:76] DEBUG Building Trie..., from C:\Python27\lib\site-packages\jieba\dict.txt
Wed, 29 Oct 2014 16:36:47 __init__.py[line:85] DEBUG loading model from cache c:\users\admini~1\appdata\local\temp\jieba.cache
Wed, 29 Oct 2014 16:36:48 __init__.py[line:113] DEBUG loading model cost 1.01800012589 seconds.
Wed, 29 Oct 2014 16:36:48 __init__.py[line:114] DEBUG Trie has been built succesfully.
Wed, 29 Oct 2014 16:37:03 Logger.py[line:22] INFO 察########1.000000
Wed, 29 Oct 2014 16:37:03 Logger.py[line:22] INFO 警########1.000000
Wed, 29 Oct 2014 16:37:03 Logger.py[line:22] INFO 龘########0.500000
Wed, 29 Oct 2014 16:37:03 Logger.py[line:22] INFO 龘########0.400000
Wed, 29 Oct 2014 16:37:03 Logger.py[line:22] INFO 察########0.400000
Wed, 29 Oct 2014 16:37:03 Logger.py[line:22] INFO 警########0.400000
Wed, 29 Oct 2014 16:37:03 Logger.py[line:22] INFO 1.0
Wed, 29 Oct 2014 16:46:21 Logger.py[line:22] INFO start server!!
Wed, 29 Oct 2014 16:46:21 __init__.py[line:76] DEBUG Building Trie..., from C:\Python27\lib\site-packages\jieba\dict.txt
Wed, 29 Oct 2014 16:46:21 __init__.py[line:85] DEBUG loading model from cache c:\users\admini~1\appdata\local\temp\jieba.cache
Wed, 29 Oct 2014 16:46:22 __init__.py[line:113] DEBUG loading model cost 1.02800011635 seconds.
Wed, 29 Oct 2014 16:46:22 __init__.py[line:114] DEBUG Trie has been built succesfully.
